<?xml version='1.0' encoding='utf-8'?>
<testsuites name="seat_heating_control" tests="19" errors="0" failures="0" skipped="0" timestamp="2024-12-03T14:16:55.205964" time="42"><testsuite name="Requirements-based Tests SIL" tests="9" errors="0" failures="0" skipped="0"><testcase name="Condition Check" /><testcase name="Stage1_LEDs" /><testcase name="Stage1_Request" /><testcase name="Stage2_LEDs" /><testcase name="Stage2_Request" /><testcase name="Stage3_LEDs" /><testcase name="Stage3_Request" /><testcase name="TurnOFF_LEDs" /><testcase name="TurnOff_Request" /></testsuite><testsuite name="Requirements-based Tests SL MIL" tests="18" errors="0" failures="0" skipped="0"><testcase name="Condition Check" /><testcase name="Stage1_LEDs" /><testcase name="Stage1_Request" /><testcase name="Stage2_LEDs" /><testcase name="Stage2_Request" /><testcase name="Stage3_LEDs" /><testcase name="Stage3_Request" /><testcase name="TurnOFF_LEDs" /><testcase name="TurnOff_Request" /></testsuite><testsuite name="B2B Test SL MIL vs. SIL" tests="1"><testcase name="B2B Test SL MIL vs. SIL" /></testsuite></testsuites>